14:41:21.013 [main] INFO  testcases.TC_001accountregister.verifyaccountpage(TC_001accountregister.java:22)oggger -  ********************************* register
14:41:26.294 [main] INFO  testcases.TC_002login.accountlogin(TC_002login.java:15)oggger - ***********start---------------------------
14:41:27.269 [main] INFO  testcases.TC_002login.accountlogin(TC_002login.java:20)oggger - *************login=====================
14:45:31.442 [main] INFO  testcases.TC_001accountregister.verifyaccountpage(TC_001accountregister.java:17)oggger - **********************************start
14:45:32.429 [main] INFO  testcases.TC_001accountregister.verifyaccountpage(TC_001accountregister.java:22)oggger -  ********************************* register
14:45:36.815 [main] INFO  testcases.TC_002login.accountlogin(TC_002login.java:15)oggger - ***********start---------------------------
14:45:37.601 [main] INFO  testcases.TC_002login.accountlogin(TC_002login.java:20)oggger - *************login=====================
17:06:45.522 [main] INFO  testcases.TC_001accountregister.verifyaccountpage(TC_001accountregister.java:17)oggger - **********************************start
17:06:46.519 [main] INFO  testcases.TC_001accountregister.verifyaccountpage(TC_001accountregister.java:22)oggger -  ********************************* register
17:06:50.999 [main] INFO  testcases.TC_002login.accountlogin(TC_002login.java:15)oggger - ***********start---------------------------
17:06:51.751 [main] INFO  testcases.TC_002login.accountlogin(TC_002login.java:20)oggger - *************login=====================
17:19:02.809 [main] INFO  testcases.TC_002login.accountlogin(TC_002login.java:15)oggger - ***********start---------------------------
17:19:03.802 [main] INFO  testcases.TC_002login.accountlogin(TC_002login.java:20)oggger - *************login=====================
17:32:17.233 [main] INFO  testcases.TC_001accountregister.verifyaccountpage(TC_001accountregister.java:17)oggger - **********************************start
17:32:18.231 [main] INFO  testcases.TC_001accountregister.verifyaccountpage(TC_001accountregister.java:22)oggger -  ********************************* register
17:32:22.887 [main] INFO  testcases.TC_002login.accountlogin(TC_002login.java:15)oggger - ***********start---------------------------
17:32:24.042 [main] INFO  testcases.TC_002login.accountlogin(TC_002login.java:20)oggger - *************login=====================
17:33:32.623 [main] INFO  testcases.TC_001accountregister.verifyaccountpage(TC_001accountregister.java:17)oggger - **********************************start
17:33:33.546 [main] INFO  testcases.TC_001accountregister.verifyaccountpage(TC_001accountregister.java:22)oggger -  ********************************* register
17:33:37.873 [main] INFO  testcases.TC_002login.accountlogin(TC_002login.java:15)oggger - ***********start---------------------------
17:33:38.585 [main] INFO  testcases.TC_002login.accountlogin(TC_002login.java:20)oggger - *************login=====================
15:45:48.705 [main] INFO  testcases.TC_001accountregister.verifyaccountpage(TC_001accountregister.java:17)oggger - **********************************start
15:45:48.771 [main] ERROR testcases.TC_001accountregister.verifyaccountpage(TC_001accountregister.java:31)oggger - Test failed!
15:45:48.772 [main] DEBUG testcases.TC_001accountregister.verifyaccountpage(TC_001accountregister.java:32)oggger - debug.........
15:46:48.188 [main] INFO  testcases.TC_001accountregister.verifyaccountpage(TC_001accountregister.java:17)oggger - **********************************start
15:46:48.219 [main] ERROR testcases.TC_001accountregister.verifyaccountpage(TC_001accountregister.java:31)oggger - Test failed
15:46:48.219 [main] DEBUG testcases.TC_001accountregister.verifyaccountpage(TC_001accountregister.java:32)oggger - debug.........
17:49:58.493 [main] INFO  testcases.TC_001accountregister.verifyaccountpage(TC_001accountregister.java:17)oggger - **********************************start
17:49:59.447 [main] INFO  testcases.TC_001accountregister.verifyaccountpage(TC_001accountregister.java:22)oggger -  ********************************* register
17:50:04.435 [main] INFO  testcases.TC_002login.accountlogin(TC_002login.java:15)oggger - ***********start---------------------------
17:50:05.488 [main] INFO  testcases.TC_002login.accountlogin(TC_002login.java:20)oggger - *************login=====================
11:46:34.486 [main] INFO  testcases.TC_001accountregister.verifyaccountpage(TC_001accountregister.java:17)oggger - **********************************start
11:46:35.484 [main] INFO  testcases.TC_001accountregister.verifyaccountpage(TC_001accountregister.java:22)oggger -  ********************************* register
11:46:41.775 [main] INFO  testcases.TC_002login.accountlogin(TC_002login.java:15)oggger - ***********start---------------------------
11:46:42.895 [main] INFO  testcases.TC_002login.accountlogin(TC_002login.java:20)oggger - *************login=====================
